Using pre-set license
Built from '2020.3/release' branch; Version is '2020.3.12f1 (b3b2c6512326) revision 11776710'; Using compiler version '192528614'; Build Type 'Release'
OS: 'Windows 10 Home Single Language; OS build 18362.1256; Version 1903; 64bit' Language: 'tr' Physical Memory: 8033 MB
BatchMode: 1, IsHumanControllingUs: 0, StartBugReporterOnCrash: 0, Is64bit: 1, IsPro: 0

 COMMAND LINE ARGUMENTS:
C:\Program Files\Unity\Hub\Editor\2020.3.12f1\Editor\Unity.exe
-adb2
-batchMode
-noUpm
-name
AssetImportWorker0
-projectPath
C:/Users/hp/Documents/GitHub/archery-game
-logFile
Logs/AssetImportWorker0.log
-srvPort
4660
Successfully changed project path to: C:/Users/hp/Documents/GitHub/archery-game
C:/Users/hp/Documents/GitHub/archery-game
Using Asset Import Pipeline V2.
Refreshing native plugins compatible for Editor in 149.33 ms, found 2 plugins.
Preloading 0 native plugins for Editor in 0.00 ms.
Initialize engine version: 2020.3.12f1 (b3b2c6512326)
[Subsystems] Discovering subsystems at path C:/Program Files/Unity/Hub/Editor/2020.3.12f1/Editor/Data/Resources/UnitySubsystems
[Subsystems] Discovering subsystems at path C:/Users/hp/Documents/GitHub/archery-game/Assets
GfxDevice: creating device client; threaded=0
Direct3D:
    Version:  Direct3D 11.0 [level 11.1]
    Renderer: Intel(R) UHD Graphics 620 (ID=0x5917)
    Vendor:   
    VRAM:     4016 MB
    Driver:   24.20.100.6344
Shader 'Universal Render Pipeline/Particles/Lit': fallback shader 'Universal Render Pipeline/Particles/SimpleLit' not found
Initialize mono
Mono path[0] = 'C:/Program Files/Unity/Hub/Editor/2020.3.12f1/Editor/Data/Managed'
Mono path[1] = 'C:/Program Files/Unity/Hub/Editor/2020.3.12f1/Editor/Data/MonoBleedingEdge/lib/mono/unityjit'
Mono config path = 'C:/Program Files/Unity/Hub/Editor/2020.3.12f1/Editor/Data/MonoBleedingEdge/etc'
Using monoOptions --debugger-agent=transport=dt_socket,embedding=1,server=y,suspend=n,address=127.0.0.1:56092
Begin MonoManager ReloadAssembly
Registering precompiled unity dll's ...
Register platform support module: C:/Program Files/Unity/Hub/Editor/2020.3.12f1/Editor/Data/PlaybackEngines/WindowsStandaloneSupport/UnityEditor.WindowsStandalone.Extensions.dll
Registered in 0.006408 seconds.
Native extension for WindowsStandalone target not found
Refreshing native plugins compatible for Editor in 214.45 ms, found 2 plugins.
Preloading 0 native plugins for Editor in 0.00 ms.
Mono: successfully reloaded assembly
- Completed reload, in  3.065 seconds
Platform modules already initialized, skipping
Registering precompiled user dll's ...
Registered in 0.016256 seconds.
Begin MonoManager ReloadAssembly
Native extension for WindowsStandalone target not found
Refreshing native plugins compatible for Editor in 164.31 ms, found 2 plugins.
Preloading 0 native plugins for Editor in 0.00 ms.
Mono: successfully reloaded assembly
- Completed reload, in  3.378 seconds
Platform modules already initialized, skipping
========================================================================
Worker process is ready to serve import requests
Shader 'Universal Render Pipeline/Particles/Lit': fallback shader 'Universal Render Pipeline/Particles/SimpleLit' not found
Launched and connected shader compiler UnityShaderCompiler.exe after 0.13 seconds
Refreshing native plugins compatible for Editor in 1.41 ms, found 2 plugins.
Preloading 0 native plugins for Editor in 0.00 ms.
Unloading 3315 Unused Serialized files (Serialized files now loaded: 0)
System memory in use before: 180.2 MB.
System memory in use after: 180.0 MB.

Unloading 110 unused Assets to reduce memory usage. Loaded Objects now: 3779.
Total: 6.787000 ms (FindLiveObjects: 0.690600 ms CreateObjectMapping: 0.348800 ms MarkObjects: 4.831500 ms  DeleteObjects: 0.913900 ms)

AssetImportParameters requested are different than current active one (requested -> active):
  custom:framework-win-MediaFoundation: 216162199b28c13a410421893ffa2e32 -> 
  custom:video-decoder-ogg-theora: a1e56fd34408186e4bbccfd4996cb3dc -> 
  custom:container-muxer-webm: aa71ff27fc2769a1b78a27578f13a17b -> 
  custom:container-demuxer-webm: 4f35f7cbe854078d1ac9338744f61a02 -> 
  custom:container-demuxer-ogg: 62fdf1f143b41e24485cea50d1cbac27 -> 
  custom:video-encoder-webm-vp8: eb34c28f22e8b96e1ab97ce403110664 -> 
  custom:video-codec-MediaFoundation-h265: 746d11721c4dcdbdad8f713fa42b33f4 -> 
  custom:video-decoder-webm-vp8: 9c59270c3fd7afecdb556c50c9e8de78 -> 
  custom:audio-decoder-ogg-vorbis: bf7c407c2cedff20999df2af8eb42d56 -> 
  custom:audio-encoder-webm-vorbis: bf7c407c2cedff20999df2af8eb42d56 -> 
========================================================================
Received Import Request.
  path: Assets/Materials/Textures/Terrain/NewLayer.terrainlayer
  artifactKey: Guid(dd5bab29b85471548994360731b6d646) Importer(815301076,1909f56bfc062723c751e8b465ee728b)
Start importing Assets/Materials/Textures/Terrain/NewLayer.terrainlayer using Guid(dd5bab29b85471548994360731b6d646) Importer(815301076,1909f56bfc062723c751e8b465ee728b)  -> (artifact id: '30f4ae7c6b8c59f5c1ace6306b7cc9f5') in 0.210471 seconds 
  Import took 0.223440 seconds .

========================================================================
Received Import Request.
  Time since last request: 54280.330608 seconds.
  path: Assets/Main Terrain.asset
  artifactKey: Guid(af63c03d14effd64ab446a4ec0727c42) Importer(815301076,1909f56bfc062723c751e8b465ee728b)
Start importing Assets/Main Terrain.asset using Guid(af63c03d14effd64ab446a4ec0727c42) Importer(815301076,1909f56bfc062723c751e8b465ee728b)  -> (artifact id: '6194ebf29edbf5c1b232e63a7fe8df6e') in 0.467331 seconds 
  Import took 0.768378 seconds .

========================================================================
Received Import Request.
  Time since last request: 0.000637 seconds.
  path: Assets/Terrain_Albedo 1.tga
  artifactKey: Guid(b2d18471d5ccfb3479a54a67ca28ffec) Importer(815301076,1909f56bfc062723c751e8b465ee728b)
Start importing Assets/Terrain_Albedo 1.tga using Guid(b2d18471d5ccfb3479a54a67ca28ffec) Importer(815301076,1909f56bfc062723c751e8b465ee728b)  -> (artifact id: '13296bc3d974a8492dd34418d574c1ab') in 0.034187 seconds 
  Import took 0.049867 seconds .

========================================================================
Received Import Request.
  Time since last request: 0.000470 seconds.
  path: Assets/New Material.mat
  artifactKey: Guid(775c05dc44ab9574489689d726d2d082) Importer(815301076,1909f56bfc062723c751e8b465ee728b)
Start importing Assets/New Material.mat using Guid(775c05dc44ab9574489689d726d2d082) Importer(815301076,1909f56bfc062723c751e8b465ee728b)  -> (artifact id: '9a17b64853903c6468dfbee6038d9ebc') in 0.945950 seconds 
  Import took 0.965713 seconds .

========================================================================
Received Import Request.
  Time since last request: 0.000713 seconds.
  path: Assets/Terrain_Albedo 1.tga
  artifactKey: Guid(b2d18471d5ccfb3479a54a67ca28ffec) Importer(815301076,1909f56bfc062723c751e8b465ee728b)
Start importing Assets/Terrain_Albedo 1.tga using Guid(b2d18471d5ccfb3479a54a67ca28ffec) Importer(815301076,1909f56bfc062723c751e8b465ee728b)  -> (artifact id: '13296bc3d974a8492dd34418d574c1ab') in 0.022081 seconds 
  Import took 0.034816 seconds .

========================================================================
Received Import Request.
  Time since last request: 0.000361 seconds.
  path: Assets/New Material.mat
  artifactKey: Guid(775c05dc44ab9574489689d726d2d082) Importer(815301076,1909f56bfc062723c751e8b465ee728b)
Start importing Assets/New Material.mat using Guid(775c05dc44ab9574489689d726d2d082) Importer(815301076,1909f56bfc062723c751e8b465ee728b)  -> (artifact id: '9a17b64853903c6468dfbee6038d9ebc') in 0.023868 seconds 
  Import took 0.037362 seconds .

========================================================================
Received Import Request.
  Time since last request: 0.000496 seconds.
  path: Assets/Main Terrain.asset
  artifactKey: Guid(af63c03d14effd64ab446a4ec0727c42) Importer(815301076,1909f56bfc062723c751e8b465ee728b)
Start importing Assets/Main Terrain.asset using Guid(af63c03d14effd64ab446a4ec0727c42) Importer(815301076,1909f56bfc062723c751e8b465ee728b)  -> (artifact id: '6194ebf29edbf5c1b232e63a7fe8df6e') in 0.036353 seconds 
  Import took 0.052850 seconds .

========================================================================
Received Import Request.
  Time since last request: 0.000377 seconds.
  path: Assets/Tree.prefab
  artifactKey: Guid(4d68b5831fd0c3f49b17a88ced65a3f3) Importer(815301076,1909f56bfc062723c751e8b465ee728b)
Start importing Assets/Tree.prefab using Guid(4d68b5831fd0c3f49b17a88ced65a3f3) Importer(815301076,1909f56bfc062723c751e8b465ee728b)  -> (artifact id: '1aeb820c41501da54fd14860894fc4a0') in 0.203656 seconds 
  Import took 0.219517 seconds .

========================================================================
Received Import Request.
  Time since last request: 0.000487 seconds.
  path: Assets/NewLayer.terrainlayer
  artifactKey: Guid(2127147a8730b8140bbc0c5923820f36) Importer(815301076,1909f56bfc062723c751e8b465ee728b)
Start importing Assets/NewLayer.terrainlayer using Guid(2127147a8730b8140bbc0c5923820f36) Importer(815301076,1909f56bfc062723c751e8b465ee728b)  -> (artifact id: '212d65e50ff8c774582fb186ded72214') in 0.020488 seconds 
  Import took 0.030955 seconds .

========================================================================
Received Import Request.
  Time since last request: 88.326101 seconds.
  path: Assets/Tree_Textures
  artifactKey: Guid(a346270b5b1de9b4d82364df30b30bb3) Importer(815301076,1909f56bfc062723c751e8b465ee728b)
Start importing Assets/Tree_Textures using Guid(a346270b5b1de9b4d82364df30b30bb3) Importer(815301076,1909f56bfc062723c751e8b465ee728b)  -> (artifact id: '7c74ba4ecb51428f724ac1c62eecc359') in 0.019034 seconds 
  Import took 0.029175 seconds .

========================================================================
Received Import Request.
  Time since last request: 0.077826 seconds.
  path: Assets/Tree_Textures/translucency_gloss.png
  artifactKey: Guid(d2327a3aad3e1cf4cb102215faf43fed) Importer(815301076,1909f56bfc062723c751e8b465ee728b)
Start importing Assets/Tree_Textures/translucency_gloss.png using Guid(d2327a3aad3e1cf4cb102215faf43fed) Importer(815301076,1909f56bfc062723c751e8b465ee728b)  -> (artifact id: '1d67b359b9182529a8fc4047923c7dc1') in 0.082778 seconds 
  Import took 0.092483 seconds .

========================================================================
Received Prepare
Registering precompiled user dll's ...
Registered in 0.052893 seconds.
Begin MonoManager ReloadAssembly
Native extension for WindowsStandalone target not found
Refreshing native plugins compatible for Editor in 2.31 ms, found 2 plugins.
Preloading 0 native plugins for Editor in 0.00 ms.
Warning: Annotation not found!
UnityEngine.StackTraceUtility:ExtractStackTrace ()
UnityEditor.ProBuilder.EditorUtility:SetGizmoIconEnabled (System.Type,bool) (at Library/PackageCache/com.unity.probuilder@4.5.0/Editor/EditorCore/EditorUtility.cs:593)
UnityEditor.ProBuilder.HierarchyListener:.cctor () (at Library/PackageCache/com.unity.probuilder@4.5.0/Editor/EditorCore/HierarchyListener.cs:21)
System.Runtime.CompilerServices.RuntimeHelpers:RunClassConstructor (System.RuntimeTypeHandle)
UnityEditor.EditorAssemblies:ProcessInitializeOnLoadAttributes (System.Type[])

[Library/PackageCache/com.unity.probuilder@4.5.0/Editor/EditorCore/EditorUtility.cs line 593]

Mono: successfully reloaded assembly
- Completed reload, in  2.719 seconds
Platform modules already initialized, skipping
Shader 'Universal Render Pipeline/Particles/Lit': fallback shader 'Universal Render Pipeline/Particles/SimpleLit' not found
Refreshing native plugins compatible for Editor in 1.39 ms, found 2 plugins.
Preloading 0 native plugins for Editor in 0.00 ms.
Unloading 3135 Unused Serialized files (Serialized files now loaded: 0)
System memory in use before: 172.9 MB.
System memory in use after: 172.8 MB.

Unloading 20 unused Assets to reduce memory usage. Loaded Objects now: 3875.
Total: 8.481900 ms (FindLiveObjects: 0.622100 ms CreateObjectMapping: 0.267700 ms MarkObjects: 6.731100 ms  DeleteObjects: 0.858400 ms)

AssetImportParameters requested are different than current active one (requested -> active):
  custom:framework-win-MediaFoundation: 216162199b28c13a410421893ffa2e32 -> 
  custom:video-decoder-ogg-theora: a1e56fd34408186e4bbccfd4996cb3dc -> 
  custom:container-muxer-webm: aa71ff27fc2769a1b78a27578f13a17b -> 
  custom:container-demuxer-webm: 4f35f7cbe854078d1ac9338744f61a02 -> 
  custom:container-demuxer-ogg: 62fdf1f143b41e24485cea50d1cbac27 -> 
  custom:video-encoder-webm-vp8: eb34c28f22e8b96e1ab97ce403110664 -> 
  custom:video-codec-MediaFoundation-h265: 746d11721c4dcdbdad8f713fa42b33f4 -> 
  custom:video-decoder-webm-vp8: 9c59270c3fd7afecdb556c50c9e8de78 -> 
  custom:audio-decoder-ogg-vorbis: bf7c407c2cedff20999df2af8eb42d56 -> 
  custom:audio-encoder-webm-vorbis: bf7c407c2cedff20999df2af8eb42d56 -> 
========================================================================
Received Import Request.
  Time since last request: 265.812968 seconds.
  path: Assets/Scripts/Score.prefab
  artifactKey: Guid(b90c327992649264e9380552393c06a5) Importer(815301076,1909f56bfc062723c751e8b465ee728b)
Start importing Assets/Scripts/Score.prefab using Guid(b90c327992649264e9380552393c06a5) Importer(815301076,1909f56bfc062723c751e8b465ee728b)  -> (artifact id: 'adf811ca456b5a9b2db896cdbb3251a7') in 0.054201 seconds 
  Import took 0.064435 seconds .

AssetImportWorkerClient::OnTransportError - code=2 error=End of file
